<?xml version="1.0" encoding="UTF-8"?>
<testng-results ignored="0" total="2" passed="2" failed="0" skipped="0">
  <reporter-output>
  </reporter-output>
  <suite started-at="2021-12-14T20:06:47 IST" name="Default suite" finished-at="2021-12-14T20:07:01 IST" duration-ms="13709">
    <groups>
    </groups>
    <test started-at="2021-12-14T20:06:47 IST" name="Default test" finished-at="2021-12-14T20:07:01 IST" duration-ms="13709">
      <class name="e2eProject.finalDemo.loginTestCase">
        <test-method signature="Basepagenavigation(java.lang.String,java.lang.String)[pri:0, instance:e2eProject.finalDemo.loginTestCase@2bfc268b]" started-at="2021-12-14T20:06:47 IST" name="Basepagenavigation" data-provider="getdata" finished-at="2021-12-14T20:06:54 IST" duration-ms="7115" status="PASS">
          <params>
            <param index="0">
              <value>
                <![CDATA[test@1]]>
              </value>
            </param>
            <param index="1">
              <value>
                <![CDATA[komal123]]>
              </value>
            </param>
          </params>
          <reporter-output>
          </reporter-output>
        </test-method> <!-- Basepagenavigation -->
        <test-method signature="Basepagenavigation(java.lang.String,java.lang.String)[pri:0, instance:e2eProject.finalDemo.loginTestCase@2bfc268b]" started-at="2021-12-14T20:06:54 IST" name="Basepagenavigation" data-provider="getdata" finished-at="2021-12-14T20:07:01 IST" duration-ms="6524" status="PASS">
          <params>
            <param index="0">
              <value>
                <![CDATA[test@2]]>
              </value>
            </param>
            <param index="1">
              <value>
                <![CDATA[abcd]]>
              </value>
            </param>
          </params>
          <reporter-output>
          </reporter-output>
        </test-method> <!-- Basepagenavigation -->
      </class> <!-- e2eProject.finalDemo.loginTestCase -->
    </test> <!-- Default test -->
  </suite> <!-- Default suite -->
</testng-results>
